  dll.cpp
  dll_image.cpp
  c_damage_esp.cpp
  dllmain.cpp
  c_aimhelper.cpp
  c_animation_system.cpp
  c_antiaim.cpp
  c_chams.cpp
  c_esp.cpp
  c_fake_ping.cpp
  c_hitmarker.cpp
  c_legitbot.cpp
  c_miscellaneous.cpp
  c_movement.cpp
  c_prediction_system.cpp
  c_ragebot.cpp
  c_resolver.cpp
  c_trace_system.cpp
  c_base_animating_.cpp
  c_client.cpp
  c_client_mode_shared.cpp
  c_client_state_.cpp
  c_cl_camera_height_restriction_debug.cpp
  c_cl_csm_shadows.cpp
  c_cs_player_.cpp
  c_engine_client.cpp
  c_engine_sound_.cpp
  c_events.cpp
  c_game_event_manager_.cpp
  c_hooks.cpp
  c_mdl_cache.cpp
  c_model_render_.cpp
  c_net_channel_.cpp
  c_panel_.cpp
  c_prediction_.cpp
  c_render_view_.cpp
  c_smoke_grenade_projectile_.cpp
  c_surface_.cpp
  c_sv_cheats.cpp
  c_view_render_.cpp
  c_wnd_proc.cpp
  idirect3ddevice9.cpp
  c_aiming.cpp
  c_conf.cpp
  c_menu.cpp
  c_misc.cpp
  c_visuals.cpp
  c_welcome_message.cpp
  c_button.cpp
  c_checkbox.cpp
  c_color_select.cpp
  c_float_select.cpp
  c_flow_layout.cpp
  c_group_box.cpp
  c_hotkey_select.cpp
  c_image.cpp
  c_navbar.cpp
  c_navbar_tab.cpp
  c_router.cpp
  c_select.cpp
  c_text.cpp
  c_font.cpp
  c_indicators.cpp
  c_renderer.cpp
  cte_blood.cpp
  c_base_combat_weapon.cpp
  c_blood_predic.cpp
  c_color.cpp
  c_cs_player.cpp
  c_global_vars_base.cpp
  c_glow_object_manager.cpp
  fnv1a.cpp
  cod.cpp
  doublekill.cpp
  headshot.cpp
  lasercpp.cpp
  quadkill.cpp
  quake.cpp
  roblox.cpp
  sounds.cpp
  triplekill.cpp
  uff.cpp
  unreal.cpp
  wicked.cpp
  c_hotkeys.cpp
  c_log.cpp
  c_netvar.cpp
c_hooks.obj : warning LNK4006: "public: static struct c_client::<unnamed-type-recoil_info> * c_client::recoil_info" (?recoil_info@c_client@@2PAU<unnamed-type-recoil_info>@1@A) already defined in c_client.obj; second definition ignored
c_prediction_.obj : warning LNK4006: "public: static struct c_client::<unnamed-type-recoil_info> * c_client::recoil_info" (?recoil_info@c_client@@2PAU<unnamed-type-recoil_info>@1@A) already defined in c_client.obj; second definition ignored
     Creating library G:\Rifk7\main\build\Win32\Release\shonax.lib and object G:\Rifk7\main\build\Win32\Release\shonax.exp
G:\Rifk7\main\build\Win32\Release\shonax.dll : warning LNK4088: image being generated due to /FORCE option; image may not run
  rifk7.vcxproj -> G:\Rifk7\main\build\Win32\Release\shonax.dll
