g:\rifk7\main\bin\win32\release\c_chams.obj
g:\rifk7\main\bin\win32\release\c_legitbot.obj
g:\rifk7\main\bin\win32\release\c_client_state_.obj
g:\rifk7\main\bin\win32\release\c_hooks.obj
g:\rifk7\main\bin\win32\release\c_sv_cheats.obj
g:\rifk7\main\bin\win32\release\c_visuals.obj
g:\rifk7\main\bin\win32\release\c_group_box.obj
g:\rifk7\main\bin\win32\release\c_font.obj
g:\rifk7\main\bin\win32\release\cte_blood.obj
g:\rifk7\main\bin\win32\release\c_base_combat_weapon.obj
g:\rifk7\main\bin\win32\release\c_log.obj
g:\rifk7\main\bin\win32\release\dll_image.obj
g:\rifk7\main\bin\win32\release\c_esp.obj
g:\rifk7\main\bin\win32\release\c_resolver.obj
g:\rifk7\main\bin\win32\release\c_engine_client.obj
g:\rifk7\main\bin\win32\release\c_panel_.obj
g:\rifk7\main\bin\win32\release\c_wnd_proc.obj
g:\rifk7\main\bin\win32\release\c_button.obj
g:\rifk7\main\bin\win32\release\c_navbar.obj
g:\rifk7\main\bin\win32\release\c_blood_predic.obj
g:\rifk7\main\bin\win32\release\c_color.obj
g:\rifk7\main\bin\win32\release\uff.obj
g:\rifk7\main\bin\win32\release\wicked.obj
g:\rifk7\main\bin\win32\release\c_animation_system.obj
g:\rifk7\main\bin\win32\release\c_ragebot.obj
g:\rifk7\main\bin\win32\release\c_cl_csm_shadows.obj
g:\rifk7\main\bin\win32\release\c_game_event_manager_.obj
g:\rifk7\main\bin\win32\release\c_smoke_grenade_projectile_.obj
g:\rifk7\main\bin\win32\release\c_menu.obj
g:\rifk7\main\bin\win32\release\c_hotkey_select.obj
g:\rifk7\main\bin\win32\release\c_indicators.obj
g:\rifk7\main\bin\win32\release\dll.obj
g:\rifk7\main\bin\win32\release\c_fake_ping.obj
g:\rifk7\main\bin\win32\release\c_trace_system.obj
g:\rifk7\main\bin\win32\release\c_cs_player_.obj
g:\rifk7\main\bin\win32\release\c_prediction_.obj
g:\rifk7\main\bin\win32\release\c_conf.obj
g:\rifk7\main\bin\win32\release\c_flow_layout.obj
g:\rifk7\main\bin\win32\release\c_text.obj
g:\rifk7\main\bin\win32\release\fnv1a.obj
g:\rifk7\main\bin\win32\release\cod.obj
g:\rifk7\main\bin\win32\release\doublekill.obj
g:\rifk7\main\bin\win32\release\headshot.obj
g:\rifk7\main\bin\win32\release\quadkill.obj
g:\rifk7\main\bin\win32\release\unreal.obj
g:\rifk7\main\bin\win32\release\c_hotkeys.obj
g:\rifk7\main\bin\win32\release\c_damage_esp.obj
g:\rifk7\main\bin\win32\release\c_miscellaneous.obj
g:\rifk7\main\bin\win32\release\c_cl_camera_height_restriction_debug.obj
g:\rifk7\main\bin\win32\release\c_events.obj
g:\rifk7\main\bin\win32\release\c_surface_.obj
g:\rifk7\main\bin\win32\release\c_welcome_message.obj
g:\rifk7\main\bin\win32\release\c_image.obj
g:\rifk7\main\bin\win32\release\c_renderer.obj
g:\rifk7\main\bin\win32\release\triplekill.obj
g:\rifk7\main\bin\win32\release\c_netvar.obj
g:\rifk7\main\bin\win32\release\dllmain.obj
g:\rifk7\main\bin\win32\release\c_hitmarker.obj
g:\rifk7\main\bin\win32\release\c_client_mode_shared.obj
g:\rifk7\main\bin\win32\release\c_mdl_cache.obj
g:\rifk7\main\bin\win32\release\c_render_view_.obj
g:\rifk7\main\bin\win32\release\c_misc.obj
g:\rifk7\main\bin\win32\release\c_float_select.obj
g:\rifk7\main\bin\win32\release\c_router.obj
g:\rifk7\main\bin\win32\release\c_global_vars_base.obj
g:\rifk7\main\bin\win32\release\lasercpp.obj
g:\rifk7\main\bin\win32\release\quake.obj
g:\rifk7\main\bin\win32\release\roblox.obj
g:\rifk7\main\bin\win32\release\sounds.obj
g:\rifk7\main\bin\win32\release\c_antiaim.obj
g:\rifk7\main\bin\win32\release\c_prediction_system.obj
g:\rifk7\main\bin\win32\release\c_base_animating_.obj
g:\rifk7\main\bin\win32\release\c_engine_sound_.obj
g:\rifk7\main\bin\win32\release\c_model_render_.obj
g:\rifk7\main\bin\win32\release\c_view_render_.obj
g:\rifk7\main\bin\win32\release\c_aiming.obj
g:\rifk7\main\bin\win32\release\c_color_select.obj
g:\rifk7\main\bin\win32\release\c_select.obj
g:\rifk7\main\bin\win32\release\c_glow_object_manager.obj
g:\rifk7\main\bin\win32\release\c_aimhelper.obj
g:\rifk7\main\bin\win32\release\c_movement.obj
g:\rifk7\main\bin\win32\release\c_client.obj
g:\rifk7\main\bin\win32\release\c_net_channel_.obj
g:\rifk7\main\bin\win32\release\idirect3ddevice9.obj
g:\rifk7\main\bin\win32\release\c_checkbox.obj
g:\rifk7\main\bin\win32\release\c_navbar_tab.obj
g:\rifk7\main\bin\win32\release\c_cs_player.obj
g:\rifk7\main\bin\win32\release\vc142.pdb
g:\rifk7\main\build\win32\release\shonax.dll
g:\rifk7\main\build\win32\release\shonax.map
g:\rifk7\main\build\win32\release\shonax.pdb
g:\rifk7\main\build\win32\release\shonax.lib
g:\rifk7\main\build\win32\release\shonax.exp
g:\rifk7\main\bin\win32\release\rifk7.tlog\cl.18668.write.1.tlog
g:\rifk7\main\bin\win32\release\rifk7.tlog\cl.command.1.tlog
g:\rifk7\main\bin\win32\release\rifk7.tlog\cl.read.1.tlog
g:\rifk7\main\bin\win32\release\rifk7.tlog\link.command.1.tlog
g:\rifk7\main\bin\win32\release\rifk7.tlog\link.read.1.tlog
g:\rifk7\main\bin\win32\release\rifk7.tlog\link.write.1.tlog
g:\rifk7\main\bin\win32\release\rifk7.tlog\rifk7.write.1u.tlog
